<?xml version="1.0" encoding="UTF-8"?>
<!-- Generated by org.testng.reporters.JUnitReportReporter -->
<testsuite hostname="DESKTOP-TP49BR2" failures="0" tests="5" name="com.test.Feather1" time="0.040" errors="0" timestamp="2025-12-21T12:27:12 IST" skipped="1">
  <testcase classname="com.test.Feather1" name="testFeature2" time="0.009"/>
  <testcase classname="com.test.Feather1" name="testFeature1" time="0.012"/>
  <testcase classname="com.test.Feather1" name="testFeature5" time="0.002"/>
  <testcase classname="com.test.Feather1" name="testFeature3" time="0.017"/>
  <testcase classname="com.test.Feather1" name="testFeature4">
    <skipped/>
  </testcase> <!-- testFeature4 -->
</testsuite> <!-- com.test.Feather1 -->
