<?xml version="1.0" encoding="UTF-8"?>
<!-- Generated by org.testng.reporters.JUnitReportReporter -->
<testsuite hostname="DESKTOP-TP49BR2" failures="0" tests="5" name="com.test.Feather2" time="0.018" errors="0" timestamp="2025-12-21T12:22:34 IST" skipped="1">
  <testcase classname="com.test.Feather2" name="testFeature3_2" time="0.002"/>
  <testcase classname="com.test.Feather2" name="testFeature2_2" time="0.007"/>
  <testcase classname="com.test.Feather2" name="testFeature1" time="0.005"/>
  <testcase classname="com.test.Feather2" name="testFeature5_2" time="0.004"/>
  <testcase classname="com.test.Feather2" name="testFeature4_2">
    <skipped/>
  </testcase> <!-- testFeature4_2 -->
</testsuite> <!-- com.test.Feather2 -->
