<?xml version="1.0" encoding="UTF-8"?>
<testng-results ignored="0" total="2" passed="2" failed="0" skipped="0">
  <reporter-output>
  </reporter-output>
  <suite started-at="2025-12-21T12:46:28 IST" name="Default suite" finished-at="2025-12-21T12:46:33 IST" duration-ms="5086">
    <groups>
    </groups>
    <test started-at="2025-12-21T12:46:28 IST" name="Default test" finished-at="2025-12-21T12:46:33 IST" duration-ms="5086">
      <class name="com.test.DataDriven">
        <test-method signature="test1(java.lang.String,java.lang.String)[pri:0, instance:com.test.DataDriven@f6efaab]" started-at="2025-12-21T12:46:28 IST" name="test1" data-provider="getUserData" finished-at="2025-12-21T12:46:33 IST" duration-ms="5018" status="PASS">
          <params>
            <param index="0">
              <value>
                <![CDATA[user1]]>
              </value>
            </param>
            <param index="1">
              <value>
                <![CDATA[password1]]>
              </value>
            </param>
          </params>
          <reporter-output>
          </reporter-output>
        </test-method> <!-- test1 -->
        <test-method signature="test1(java.lang.String,java.lang.String)[pri:0, instance:com.test.DataDriven@f6efaab]" started-at="2025-12-21T12:46:28 IST" name="test1" data-provider="getUserData" finished-at="2025-12-21T12:46:33 IST" duration-ms="5018" status="PASS">
          <params>
            <param index="0">
              <value>
                <![CDATA[user2]]>
              </value>
            </param>
            <param index="1">
              <value>
                <![CDATA[password2]]>
              </value>
            </param>
          </params>
          <reporter-output>
          </reporter-output>
        </test-method> <!-- test1 -->
      </class> <!-- com.test.DataDriven -->
    </test> <!-- Default test -->
  </suite> <!-- Default suite -->
</testng-results>
