<?xml version="1.0" encoding="UTF-8"?>
<testng-results ignored="0" total="1" passed="1" failed="0" skipped="0">
  <reporter-output>
  </reporter-output>
  <suite started-at="2025-12-28T12:29:53 IST" name="Surefire suite" finished-at="2025-12-28T12:29:53 IST" duration-ms="39">
    <groups>
    </groups>
    <test started-at="2025-12-28T12:29:53 IST" name="Surefire test" finished-at="2025-12-28T12:29:53 IST" duration-ms="39">
      <class name="com.Test.Test1">
        <test-method signature="mobileLoginMethod()[pri:0, instance:com.Test.Test1@37e547da]" started-at="2025-12-28T12:29:53 IST" name="mobileLoginMethod" finished-at="2025-12-28T12:29:53 IST" duration-ms="4" status="PASS">
          <reporter-output>
          </reporter-output>
        </test-method> <!-- mobileLoginMethod -->
      </class> <!-- com.Test.Test1 -->
    </test> <!-- Surefire test -->
  </suite> <!-- Surefire suite -->
</testng-results>
